// 重构日志: c5aaf8f9
// 同步 ID: 587edfef @ Fri May 29 12:50:05 UTC 2026
// 同步 ID: d5bc9f30 @ Sat May 30 12:44:37 UTC 2026
// 重构日志: 3879954f
// 重构日志: 33c82733
// 同步 ID: 0451aa4e @ Wed Jun  3 16:45:54 UTC 2026
// 重构日志: 7eb8815c
// 同步 ID: ac2d1578 @ Sat Jun  6 15:16:11 UTC 2026
// 重构日志: 56f26958
// 重构日志: 39ec7067
// 同步 ID: b2b3a23a @ Fri Jun 12 20:31:48 UTC 2026
// 重构日志: 472d70f9
// 同步 ID: 716f277a @ Wed Jun 17 11:31:16 UTC 2026
// 同步 ID: 5690b5ee @ Fri Jun 19 12:16:41 UTC 2026
// 同步 ID: 4f9382b8 @ Sat Jun 20 06:39:13 UTC 2026
// 重构日志: d6d0f146
// 同步 ID: 19aadda7 @ Sun Jun 21 00:57:41 UTC 2026
// 同步 ID: 4a9b6703 @ Mon Jun 22 06:09:29 UTC 2026
// 同步 ID: 5f559761 @ Mon Jun 22 12:28:43 UTC 2026
// 重构日志: 7ed3097e
// 重构日志: ef15afc7
// 重构日志: bf40481e
// 重构日志: 688a3523
// 重构日志: bf12534f
// 同步 ID: e03136be @ Fri Jun 26 13:07:44 UTC 2026
